delivery/app/build/intermediates/manifest_merge_blame_file/debug/manifest-merger-blame-debug-report.txt
1<?xml version="1.0" encoding="utf-8"?>
2<manifest xmlns:android="http://schemas.android.com/apk/res/android"
3    package="com.example.delivery"
4    android:versionCode="1"
5    android:versionName="1.0" >
6
7    <uses-sdk
8        android:minSdkVersion="24"
8-->src\main\AndroidManifest.xml
9        android:targetSdkVersion="29" />
9-->src\main\AndroidManifest.xml
10
11    <uses-permission android:name="android.permission.INTERNET" />
11-->src\main\AndroidManifest.xml:5:5-67
11-->src\main\AndroidManifest.xml:5:22-64
12    <uses-permission android:name="android.permission.READ_EXTERNAL_STORAGE" />
12-->src\main\AndroidManifest.xml:6:5-80
12-->src\main\AndroidManifest.xml:6:22-77
13    <uses-permission android:name="android.permission.WRITE_EXTERNAL_STORAGE" />
13-->src\main\AndroidManifest.xml:7:5-81
13-->src\main\AndroidManifest.xml:7:22-78
14    <uses-permission android:name="android.permission.SEND_SMS" />
14-->src\main\AndroidManifest.xml:8:5-67
14-->src\main\AndroidManifest.xml:8:22-64
15    <uses-permission android:name="android.permission.RECEIVE_SMS" />
15-->src\main\AndroidManifest.xml:9:5-70
15-->src\main\AndroidManifest.xml:9:22-67
16    <uses-permission android:name="android.permission.READ_PHONE_STATE" />
16-->src\main\AndroidManifest.xml:10:5-75
16-->src\main\AndroidManifest.xml:10:22-72
17    <uses-permission android:name="android.permission.ACCESS_FINE_LOCATION" />
17-->src\main\AndroidManifest.xml:11:5-79
17-->src\main\AndroidManifest.xml:11:22-76
18    <uses-permission android:name="android.permission.ACCESS_COARSE_LOCATION" />
18-->src\main\AndroidManifest.xml:12:5-81
18-->src\main\AndroidManifest.xml:12:22-78
19
20    <!-- Include required permissions for Google Maps API to run. -->
21    <uses-permission android:name="android.permission.ACCESS_NETWORK_STATE" />
21-->[com.google.android.gms:play-services-maps:17.0.0] AndroidManifest.xml:23:5-79
21-->[com.google.android.gms:play-services-maps:17.0.0] AndroidManifest.xml:23:22-76
22
23    <uses-feature
23-->[com.google.android.gms:play-services-maps:17.0.0] AndroidManifest.xml:26:5-28:35
24        android:glEsVersion="0x00020000"
24-->[com.google.android.gms:play-services-maps:17.0.0] AndroidManifest.xml:27:9-41
25        android:required="true" />
25-->[com.google.android.gms:play-services-maps:17.0.0] AndroidManifest.xml:28:9-32
26
27    <application
27-->src\main\AndroidManifest.xml:14:5-46:19
28        android:allowBackup="true"
28-->src\main\AndroidManifest.xml:15:9-35
29        android:appComponentFactory="androidx.core.app.CoreComponentFactory"
29-->[androidx.core:core:1.3.0] AndroidManifest.xml:24:18-86
30        android:debuggable="true"
31        android:extractNativeLibs="false"
32        android:icon="@mipmap/car"
32-->src\main\AndroidManifest.xml:16:9-35
33        android:label="Delivery"
33-->src\main\AndroidManifest.xml:17:9-33
34        android:networkSecurityConfig="@xml/network_security_config"
34-->src\main\AndroidManifest.xml:18:9-69
35        android:roundIcon="@mipmap/car_round"
35-->src\main\AndroidManifest.xml:19:9-46
36        android:supportsRtl="true"
36-->src\main\AndroidManifest.xml:20:9-35
37        android:testOnly="true"
38        android:theme="@style/AppTheme" >
38-->src\main\AndroidManifest.xml:21:9-40
39        <activity android:name="com.example.delivery.rider_info1" />
39-->src\main\AndroidManifest.xml:22:9-58
39-->src\main\AndroidManifest.xml:22:19-46
40        <activity android:name="com.example.delivery.rider_info" />
40-->src\main\AndroidManifest.xml:23:9-48
40-->src\main\AndroidManifest.xml:23:19-45
41        <activity android:name="com.example.delivery.rider_changelocation" />
41-->src\main\AndroidManifest.xml:24:9-58
41-->src\main\AndroidManifest.xml:24:19-55
42        <activity android:name="com.example.delivery.layout2_first" />
42-->src\main\AndroidManifest.xml:25:9-51
42-->src\main\AndroidManifest.xml:25:19-48
43        <activity android:name="com.example.delivery.rider_gongji" />
43-->src\main\AndroidManifest.xml:26:9-50
43-->src\main\AndroidManifest.xml:26:19-47
44        <activity android:name="com.example.delivery.rider_logout" />
44-->src\main\AndroidManifest.xml:27:9-50
44-->src\main\AndroidManifest.xml:27:19-47
45        <activity android:name="com.example.delivery.rider_signup3" />
45-->src\main\AndroidManifest.xml:28:9-51
45-->src\main\AndroidManifest.xml:28:19-48
46        <activity android:name="com.example.delivery.rider_signup2" />
46-->src\main\AndroidManifest.xml:29:9-51
46-->src\main\AndroidManifest.xml:29:19-48
47        <activity android:name="com.example.delivery.rider_signup1" />
47-->src\main\AndroidManifest.xml:30:9-51
47-->src\main\AndroidManifest.xml:30:19-48
48        <activity android:name="com.example.delivery.login" >
48-->src\main\AndroidManifest.xml:31:9-37:20
48-->src\main\AndroidManifest.xml:31:19-40
49            <intent-filter>
49-->src\main\AndroidManifest.xml:32:13-36:29
50                <action android:name="android.intent.action.MAIN" />
50-->src\main\AndroidManifest.xml:33:17-69
50-->src\main\AndroidManifest.xml:33:25-66
51
52                <category android:name="android.intent.category.LAUNCHER" />
52-->src\main\AndroidManifest.xml:35:17-77
52-->src\main\AndroidManifest.xml:35:27-74
53            </intent-filter>
54        </activity>
55        <activity android:name="com.example.delivery.layout3" />
55-->src\main\AndroidManifest.xml:38:9-45
55-->src\main\AndroidManifest.xml:38:19-42
56        <activity android:name="com.example.delivery.layout2" />
56-->src\main\AndroidManifest.xml:39:9-45
56-->src\main\AndroidManifest.xml:39:19-42
57        <activity android:name="com.example.delivery.layout1" />
57-->src\main\AndroidManifest.xml:40:9-45
57-->src\main\AndroidManifest.xml:40:19-42
58        <activity android:name="com.example.delivery.MainActivity" />
58-->src\main\AndroidManifest.xml:41:9-50
58-->src\main\AndroidManifest.xml:41:19-47
59
60        <meta-data
60-->src\main\AndroidManifest.xml:43:9-45:71
61            android:name="com.google.android.geo.API_KEY"
61-->src\main\AndroidManifest.xml:44:13-58
62            android:value="AIzaSyCVgBM9ZWqFJdEPp_QgpLsqMxQIb3qqEBI" />
62-->src\main\AndroidManifest.xml:45:13-68
63        <!-- Needs to be explicitly declared on P+ -->
64        <uses-library
64-->[com.google.android.gms:play-services-maps:17.0.0] AndroidManifest.xml:33:9-35:40
65            android:name="org.apache.http.legacy"
65-->[com.google.android.gms:play-services-maps:17.0.0] AndroidManifest.xml:34:13-50
66            android:required="false" />
66-->[com.google.android.gms:play-services-maps:17.0.0] AndroidManifest.xml:35:13-37
67
68        <activity
68-->[com.google.android.gms:play-services-base:17.0.0] AndroidManifest.xml:23:9-26:75
69            android:name="com.google.android.gms.common.api.GoogleApiActivity"
69-->[com.google.android.gms:play-services-base:17.0.0] AndroidManifest.xml:24:13-79
70            android:exported="false"
70-->[com.google.android.gms:play-services-base:17.0.0] AndroidManifest.xml:25:13-37
71            android:theme="@android:style/Theme.Translucent.NoTitleBar" />
71-->[com.google.android.gms:play-services-base:17.0.0] AndroidManifest.xml:26:13-72
72
73        <meta-data
73-->[com.google.android.gms:play-services-basement:17.0.0] AndroidManifest.xml:23:9-25:69
74            android:name="com.google.android.gms.version"
74-->[com.google.android.gms:play-services-basement:17.0.0] AndroidManifest.xml:24:13-58
75            android:value="@integer/google_play_services_version" />
75-->[com.google.android.gms:play-services-basement:17.0.0] AndroidManifest.xml:25:13-66
76    </application>
77
78</manifest>